2024/03/04 12:00:39 [emerg] 1#1: open() "/etc/nginx/fastcgi-php.conf" failed (2: No such file or directory) in /etc/nginx/conf.d/default.conf:17
2024/03/04 12:12:08 [emerg] 1#1: open() "/etc/nginx/fastcgi-php.conf" failed (2: No such file or directory) in /etc/nginx/conf.d/default.conf:17
2024/03/04 12:12:36 [emerg] 1#1: open() "/etc/nginx/fastcgi-php.conf" failed (2: No such file or directory) in /etc/nginx/conf.d/default.conf:17
2024/03/04 12:16:36 [emerg] 1#1: open() "/etc/nginx/fastcgi-php.conf" failed (2: No such file or directory) in /etc/nginx/conf.d/default.conf:17
2024/03/04 12:23:05 [emerg] 1#1: open() "/etc/nginx/fastcgi-php.conf" failed (2: No such file or directory) in /etc/nginx/conf.d/default.conf:17
2024/03/04 12:23:55 [emerg] 1#1: open() "/etc/nginx/fastcgi-php.conf" failed (2: No such file or directory) in /etc/nginx/conf.d/default.conf:17
2024/03/04 12:28:29 [emerg] 1#1: open() "/etc/nginx/fastcgi-php.conf" failed (2: No such file or directory) in /etc/nginx/conf.d/default.conf:17
2024/03/04 12:30:32 [emerg] 1#1: open() "/etc/nginx/fastcgi-php.conf" failed (2: No such file or directory) in /etc/nginx/conf.d/default.conf:17
2024/03/04 12:31:08 [emerg] 1#1: open() "/etc/nginx/fastcgi-php.conf" failed (2: No such file or directory) in /etc/nginx/conf.d/default.conf:17
2024/03/04 12:31:22 [emerg] 1#1: open() "/etc/nginx/fastcgi-php.conf" failed (2: No such file or directory) in /etc/nginx/conf.d/default.conf:17
2024/03/04 12:33:15 [notice] 1#1: using the "epoll" event method
2024/03/04 12:33:15 [notice] 1#1: nginx/1.25.4
2024/03/04 12:33:15 [notice] 1#1: built by gcc 12.2.1 20220924 (Alpine 12.2.1_git20220924-r10) 
2024/03/04 12:33:15 [notice] 1#1: OS: Linux 6.6.12-linuxkit
2024/03/04 12:33:15 [notice] 1#1: getrlimit(RLIMIT_NOFILE): 1048576:1048576
2024/03/04 12:33:15 [notice] 1#1: start worker processes
2024/03/04 12:33:15 [notice] 1#1: start worker process 29
2024/03/04 12:33:15 [notice] 1#1: start worker process 30
2024/03/04 12:33:15 [notice] 1#1: start worker process 31
2024/03/04 12:33:15 [notice] 1#1: start worker process 32
2024/03/04 12:33:15 [notice] 1#1: start worker process 33
2024/03/04 12:33:15 [notice] 1#1: start worker process 34
2024/03/04 12:33:15 [notice] 1#1: start worker process 35
2024/03/04 12:33:15 [notice] 1#1: start worker process 36
2024/03/04 14:33:11 [notice] 1#1: signal 3 (SIGQUIT) received, shutting down
2024/03/04 14:33:11 [notice] 29#29: gracefully shutting down
2024/03/04 14:33:11 [notice] 32#32: gracefully shutting down
2024/03/04 14:33:11 [notice] 32#32: exiting
2024/03/04 14:33:11 [notice] 36#36: gracefully shutting down
2024/03/04 14:33:11 [notice] 35#35: gracefully shutting down
2024/03/04 14:33:11 [notice] 35#35: exiting
2024/03/04 14:33:11 [notice] 34#34: gracefully shutting down
2024/03/04 14:33:11 [notice] 30#30: gracefully shutting down
2024/03/04 14:33:11 [notice] 33#33: gracefully shutting down
2024/03/04 14:33:11 [notice] 31#31: gracefully shutting down
2024/03/04 14:33:11 [notice] 29#29: exiting
2024/03/04 14:33:11 [notice] 29#29: exit
2024/03/04 14:33:11 [notice] 36#36: exiting
2024/03/04 14:33:11 [notice] 32#32: exit
2024/03/04 14:33:11 [notice] 35#35: exit
2024/03/04 14:33:11 [notice] 34#34: exiting
2024/03/04 14:33:11 [notice] 30#30: exiting
2024/03/04 14:33:11 [notice] 33#33: exiting
2024/03/04 14:33:11 [notice] 31#31: exiting
2024/03/04 14:33:11 [notice] 36#36: exit
2024/03/04 14:33:11 [notice] 34#34: exit
2024/03/04 14:33:11 [notice] 30#30: exit
2024/03/04 14:33:11 [notice] 33#33: exit
2024/03/04 14:33:11 [notice] 31#31: exit
2024/03/04 14:33:11 [notice] 1#1: signal 17 (SIGCHLD) received from 32
2024/03/04 14:33:11 [notice] 1#1: worker process 32 exited with code 0
2024/03/04 14:33:11 [notice] 1#1: signal 29 (SIGIO) received
2024/03/04 14:33:11 [notice] 1#1: signal 17 (SIGCHLD) received from 29
2024/03/04 14:33:11 [notice] 1#1: worker process 29 exited with code 0
2024/03/04 14:33:11 [notice] 1#1: worker process 31 exited with code 0
2024/03/04 14:33:11 [notice] 1#1: worker process 33 exited with code 0
2024/03/04 14:33:11 [notice] 1#1: worker process 34 exited with code 0
2024/03/04 14:33:11 [notice] 1#1: worker process 35 exited with code 0
2024/03/04 14:33:11 [notice] 1#1: worker process 36 exited with code 0
2024/03/04 14:33:11 [notice] 1#1: signal 29 (SIGIO) received
2024/03/04 14:33:11 [notice] 1#1: signal 17 (SIGCHLD) received from 36
2024/03/04 14:33:11 [notice] 1#1: signal 17 (SIGCHLD) received from 30
2024/03/04 14:33:11 [notice] 1#1: worker process 30 exited with code 0
2024/03/04 14:33:11 [notice] 1#1: exit
2024/03/04 14:34:17 [notice] 1#1: using the "epoll" event method
2024/03/04 14:34:17 [notice] 1#1: nginx/1.25.4
2024/03/04 14:34:17 [notice] 1#1: built by gcc 12.2.1 20220924 (Alpine 12.2.1_git20220924-r10) 
2024/03/04 14:34:17 [notice] 1#1: OS: Linux 6.6.12-linuxkit
2024/03/04 14:34:17 [notice] 1#1: getrlimit(RLIMIT_NOFILE): 1048576:1048576
2024/03/04 14:34:17 [notice] 1#1: start worker processes
2024/03/04 14:34:17 [notice] 1#1: start worker process 28
2024/03/04 14:34:17 [notice] 1#1: start worker process 29
2024/03/04 14:34:17 [notice] 1#1: start worker process 30
2024/03/04 14:34:17 [notice] 1#1: start worker process 31
2024/03/04 14:34:17 [notice] 1#1: start worker process 32
2024/03/04 14:34:17 [notice] 1#1: start worker process 33
2024/03/04 14:34:17 [notice] 1#1: start worker process 34
2024/03/04 14:34:17 [notice] 1#1: start worker process 35
2024/03/04 14:40:41 [notice] 1#1: using the "epoll" event method
2024/03/04 14:40:41 [notice] 1#1: nginx/1.25.4
2024/03/04 14:40:41 [notice] 1#1: built by gcc 12.2.1 20220924 (Alpine 12.2.1_git20220924-r10) 
2024/03/04 14:40:41 [notice] 1#1: OS: Linux 6.6.12-linuxkit
2024/03/04 14:40:41 [notice] 1#1: getrlimit(RLIMIT_NOFILE): 1048576:1048576
2024/03/04 14:40:41 [notice] 1#1: start worker processes
2024/03/04 14:40:41 [notice] 1#1: start worker process 29
2024/03/04 14:40:41 [notice] 1#1: start worker process 30
2024/03/04 14:40:41 [notice] 1#1: start worker process 31
2024/03/04 14:40:41 [notice] 1#1: start worker process 32
2024/03/04 14:40:41 [notice] 1#1: start worker process 33
2024/03/04 14:40:41 [notice] 1#1: start worker process 34
2024/03/04 14:40:41 [notice] 1#1: start worker process 35
2024/03/04 14:40:41 [notice] 1#1: start worker process 36
2024/03/04 14:56:09 [notice] 1#1: using the "epoll" event method
2024/03/04 14:56:09 [notice] 1#1: nginx/1.25.4
2024/03/04 14:56:09 [notice] 1#1: built by gcc 12.2.1 20220924 (Alpine 12.2.1_git20220924-r10) 
2024/03/04 14:56:09 [notice] 1#1: OS: Linux 6.6.12-linuxkit
2024/03/04 14:56:09 [notice] 1#1: getrlimit(RLIMIT_NOFILE): 1048576:1048576
2024/03/04 14:56:09 [notice] 1#1: start worker processes
2024/03/04 14:56:09 [notice] 1#1: start worker process 29
2024/03/04 14:56:09 [notice] 1#1: start worker process 30
2024/03/04 14:56:09 [notice] 1#1: start worker process 31
2024/03/04 14:56:09 [notice] 1#1: start worker process 32
2024/03/04 14:56:09 [notice] 1#1: start worker process 33
2024/03/04 14:56:09 [notice] 1#1: start worker process 34
2024/03/04 14:56:09 [notice] 1#1: start worker process 35
2024/03/04 14:56:09 [notice] 1#1: start worker process 36
2024/03/04 15:22:11 [notice] 1#1: using the "epoll" event method
2024/03/04 15:22:11 [notice] 1#1: nginx/1.25.4
2024/03/04 15:22:11 [notice] 1#1: built by gcc 12.2.1 20220924 (Alpine 12.2.1_git20220924-r10) 
2024/03/04 15:22:11 [notice] 1#1: OS: Linux 6.6.12-linuxkit
2024/03/04 15:22:11 [notice] 1#1: getrlimit(RLIMIT_NOFILE): 1048576:1048576
2024/03/04 15:22:11 [notice] 1#1: start worker processes
2024/03/04 15:22:11 [notice] 1#1: start worker process 29
2024/03/04 15:22:11 [notice] 1#1: start worker process 30
2024/03/04 15:22:11 [notice] 1#1: start worker process 31
2024/03/04 15:22:11 [notice] 1#1: start worker process 32
2024/03/04 15:22:11 [notice] 1#1: start worker process 33
2024/03/04 15:22:11 [notice] 1#1: start worker process 34
2024/03/04 15:22:11 [notice] 1#1: start worker process 35
2024/03/04 15:22:11 [notice] 1#1: start worker process 36
2024/03/04 16:48:49 [notice] 1#1: signal 3 (SIGQUIT) received, shutting down
2024/03/04 16:48:49 [notice] 31#31: gracefully shutting down
2024/03/04 16:48:49 [notice] 31#31: exiting
2024/03/04 16:48:49 [notice] 34#34: gracefully shutting down
2024/03/04 16:48:49 [notice] 30#30: gracefully shutting down
2024/03/04 16:48:49 [notice] 32#32: gracefully shutting down
2024/03/04 16:48:49 [notice] 29#29: gracefully shutting down
2024/03/04 16:48:49 [notice] 33#33: gracefully shutting down
2024/03/04 16:48:49 [notice] 36#36: gracefully shutting down
2024/03/04 16:48:49 [notice] 33#33: exiting
2024/03/04 16:48:49 [notice] 35#35: gracefully shutting down
2024/03/04 16:48:49 [notice] 31#31: exit
2024/03/04 16:48:49 [notice] 34#34: exiting
2024/03/04 16:48:49 [notice] 30#30: exiting
2024/03/04 16:48:49 [notice] 32#32: exiting
2024/03/04 16:48:49 [notice] 30#30: exit
2024/03/04 16:48:49 [notice] 36#36: exiting
2024/03/04 16:48:49 [notice] 36#36: exit
2024/03/04 16:48:49 [notice] 29#29: exiting
2024/03/04 16:48:49 [notice] 33#33: exit
2024/03/04 16:48:49 [notice] 35#35: exiting
2024/03/04 16:48:49 [notice] 34#34: exit
2024/03/04 16:48:49 [notice] 32#32: exit
2024/03/04 16:48:49 [notice] 29#29: exit
2024/03/04 16:48:49 [notice] 35#35: exit
2024/03/04 16:48:49 [notice] 1#1: signal 17 (SIGCHLD) received from 31
2024/03/04 16:48:49 [notice] 1#1: worker process 30 exited with code 0
2024/03/04 16:48:49 [notice] 1#1: worker process 31 exited with code 0
2024/03/04 16:48:49 [notice] 1#1: signal 29 (SIGIO) received
2024/03/04 16:48:49 [notice] 1#1: signal 17 (SIGCHLD) received from 30
2024/03/04 16:48:49 [notice] 1#1: signal 17 (SIGCHLD) received from 33
2024/03/04 16:48:49 [notice] 1#1: worker process 29 exited with code 0
2024/03/04 16:48:49 [notice] 1#1: worker process 32 exited with code 0
2024/03/04 16:48:49 [notice] 1#1: worker process 33 exited with code 0
2024/03/04 16:48:49 [notice] 1#1: worker process 34 exited with code 0
2024/03/04 16:48:49 [notice] 1#1: worker process 35 exited with code 0
2024/03/04 16:48:49 [notice] 1#1: worker process 36 exited with code 0
2024/03/04 16:48:49 [notice] 1#1: exit
2024/03/05 12:50:17 [notice] 1#1: using the "epoll" event method
2024/03/05 12:50:17 [notice] 1#1: nginx/1.25.4
2024/03/05 12:50:17 [notice] 1#1: built by gcc 12.2.1 20220924 (Alpine 12.2.1_git20220924-r10) 
2024/03/05 12:50:17 [notice] 1#1: OS: Linux 6.6.12-linuxkit
2024/03/05 12:50:17 [notice] 1#1: getrlimit(RLIMIT_NOFILE): 1048576:1048576
2024/03/05 12:50:17 [notice] 1#1: start worker processes
2024/03/05 12:50:17 [notice] 1#1: start worker process 29
2024/03/05 12:50:17 [notice] 1#1: start worker process 30
2024/03/05 12:50:17 [notice] 1#1: start worker process 31
2024/03/05 12:50:17 [notice] 1#1: start worker process 32
2024/03/05 12:50:17 [notice] 1#1: start worker process 33
2024/03/05 12:50:17 [notice] 1#1: start worker process 34
2024/03/05 12:50:17 [notice] 1#1: start worker process 35
2024/03/05 12:50:17 [notice] 1#1: start worker process 36
2024/03/05 18:32:10 [notice] 1#1: signal 3 (SIGQUIT) received, shutting down
2024/03/05 18:32:10 [notice] 29#29: gracefully shutting down
2024/03/05 18:32:10 [notice] 32#32: gracefully shutting down
2024/03/05 18:32:10 [notice] 30#30: gracefully shutting down
2024/03/05 18:32:10 [notice] 35#35: gracefully shutting down
2024/03/05 18:32:10 [notice] 36#36: gracefully shutting down
2024/03/05 18:32:10 [notice] 33#33: gracefully shutting down
2024/03/05 18:32:10 [notice] 35#35: exiting
2024/03/05 18:32:10 [notice] 34#34: gracefully shutting down
2024/03/05 18:32:10 [notice] 29#29: exiting
2024/03/05 18:32:10 [notice] 31#31: gracefully shutting down
2024/03/05 18:32:10 [notice] 32#32: exiting
2024/03/05 18:32:10 [notice] 36#36: exiting
2024/03/05 18:32:10 [notice] 33#33: exiting
2024/03/05 18:32:10 [notice] 34#34: exiting
2024/03/05 18:32:10 [notice] 35#35: exit
2024/03/05 18:32:10 [notice] 29#29: exit
2024/03/05 18:32:10 [notice] 30#30: exiting
2024/03/05 18:32:10 [notice] 32#32: exit
2024/03/05 18:32:10 [notice] 30#30: exit
2024/03/05 18:32:10 [notice] 31#31: exiting
2024/03/05 18:32:10 [notice] 36#36: exit
2024/03/05 18:32:10 [notice] 33#33: exit
2024/03/05 18:32:10 [notice] 34#34: exit
2024/03/05 18:32:10 [notice] 31#31: exit
2024/03/05 18:32:10 [notice] 1#1: signal 17 (SIGCHLD) received from 35
2024/03/05 18:32:10 [notice] 1#1: worker process 29 exited with code 0
2024/03/05 18:32:10 [notice] 1#1: worker process 30 exited with code 0
2024/03/05 18:32:10 [notice] 1#1: worker process 32 exited with code 0
2024/03/05 18:32:10 [notice] 1#1: worker process 35 exited with code 0
2024/03/05 18:32:10 [notice] 1#1: worker process 36 exited with code 0
2024/03/05 18:32:10 [notice] 1#1: signal 29 (SIGIO) received
2024/03/05 18:32:10 [notice] 1#1: signal 17 (SIGCHLD) received from 30
2024/03/05 18:32:10 [notice] 1#1: worker process 31 exited with code 0
2024/03/05 18:32:10 [notice] 1#1: worker process 33 exited with code 0
2024/03/05 18:32:10 [notice] 1#1: worker process 34 exited with code 0
2024/03/05 18:32:10 [notice] 1#1: exit
2024/03/06 10:15:25 [notice] 1#1: using the "epoll" event method
2024/03/06 10:15:25 [notice] 1#1: nginx/1.25.4
2024/03/06 10:15:25 [notice] 1#1: built by gcc 12.2.1 20220924 (Alpine 12.2.1_git20220924-r10) 
2024/03/06 10:15:25 [notice] 1#1: OS: Linux 6.6.12-linuxkit
2024/03/06 10:15:25 [notice] 1#1: getrlimit(RLIMIT_NOFILE): 1048576:1048576
2024/03/06 10:15:25 [notice] 1#1: start worker processes
2024/03/06 10:15:25 [notice] 1#1: start worker process 29
2024/03/06 10:15:25 [notice] 1#1: start worker process 30
2024/03/06 10:15:25 [notice] 1#1: start worker process 31
2024/03/06 10:15:25 [notice] 1#1: start worker process 32
2024/03/06 10:15:25 [notice] 1#1: start worker process 33
2024/03/06 10:15:25 [notice] 1#1: start worker process 34
2024/03/06 10:15:25 [notice] 1#1: start worker process 35
2024/03/06 10:15:25 [notice] 1#1: start worker process 36
